"../../../Engine/Content/BasicShapes/BasicShapeMaterial.uasset" 0
"../../../Engine/Content/Functions/Engine_MaterialFunctions01/Opacity/CameraDepthFade.uasset" 1
"../../../Engine/Content/EngineMaterials/T_Default_Material_Grid_M.uasset" 2
"../../../Engine/Content/EngineMaterials/T_Default_Material_Grid_N.uasset" 3
"../../../Engine/Content/EngineMaterials/WorldGridMaterial.uasset" 4
"../../../Engine/Content/BasicShapes/Cube.uasset" 5
"../../../../UE5_Projects/Kampus/Content/Blueprints/BP_InteractableActor.uasset" 6
"../../../../UE5_Projects/Kampus/Content/Materials/Drone/Eyes.uasset" 7
"../../../../UE5_Projects/Kampus/Content/Materials/Drone/Metal.uasset" 8
"../../../../UE5_Projects/Kampus/Content/Materials/Drone/Turbine1.uasset" 9
"../../../../UE5_Projects/Kampus/Content/Materials/Drone/Turbine2.uasset" 10
"../../../../UE5_Projects/Kampus/Content/Mesh/Drone/SM_Robot.uasset" 11
"../../../Engine/Content/Functions/Engine_MaterialFunctions02/ExampleContent/Textures/flipbook.uasset" 12
"../../../Engine/Content/Functions/Engine_MaterialFunctions02/Texturing/FlipBook.uasset" 13
"../../../../UE5_Projects/Kampus/Content/Textures/Drone/T_Blink.uasset" 14
"../../../../UE5_Projects/Kampus/Content/Materials/Drone/M_Face.uasset" 15
"../../../../UE5_Projects/Kampus/Content/InstanceMaterials/Drojne/M_Blink.uasset" 16
"../../../../UE5_Projects/Kampus/Content/Mesh/Drone/SM_RobotFace.uasset" 17
"../../../../UE5_Projects/Kampus/Content/Blueprints/Drone/BP_CoreDrone.uasset" 18
"../../../../UE5_Projects/Kampus/Content/Blueprints/Drone/BP_CoreDrone1.uasset" 19
"../../../../UE5_Projects/Kampus/Content/Blueprints/Drone/BP_DefaultAnimDrone.uasset" 20
"../../../../UE5_Projects/Kampus/Content/Blueprints/Drone/BP_DroneAIController.uasset" 21
"../../../../UE5_Projects/Kampus/Content/Blueprints/Drone/BP_PlayerInteractionDrone.uasset" 22
"../../../../UE5_Projects/Kampus/Content/Blueprints/Drone/BTT_DroneIdleAnim.uasset" 23
"../../../../UE5_Projects/Kampus/Content/Blueprints/Drone/BT_Drone.uasset" 24
"../../../../UE5_Projects/Kampus/Content/Textures/Drone/T_Download.uasset" 25
"../../../../UE5_Projects/Kampus/Content/UI/MinimalistUIPack/Materials/MI_InvertTextColor.uasset" 26
"../../../../UE5_Projects/Kampus/Content/UI/MinimalistUIPack/Materials/MI_RadialGradient-Racing.uasset" 27
"../../../Engine/Content/Functions/Engine_MaterialFunctions01/Gradient/LinearGradient.uasset" 28
"../../../../UE5_Projects/Kampus/Content/UI/MinimalistUIPack/Materials/M_InvertTextColor.uasset" 29
"../../../../UE5_Projects/Kampus/Content/UI/MinimalistUIPack/Materials/M_LinearGradient.uasset" 30
"../../../Engine/Content/Functions/Engine_MaterialFunctions01/Gradient/SphereGradient-2D.uasset" 31
"../../../../UE5_Projects/Kampus/Content/UI/MinimalistUIPack/Materials/M_RadialGradient-Racing.uasset" 32
"../../../Engine/Content/Functions/Engine_MaterialFunctions01/Density/ExponentialDensity.uasset" 33
"../../../Engine/Content/Functions/Engine_MaterialFunctions01/Gradient/RadialGradientExponential.uasset" 34
"../../../../UE5_Projects/Kampus/Content/UI/MinimalistUIPack/Materials/M_RPGCircleHUD.uasset" 35
"../../../../UE5_Projects/Kampus/Content/UI/MinimalistUIPack/Materials/T_CircularGradient-Racing.uasset" 36
"../../../../UE5_Projects/Kampus/Content/UI/MinimalistUIPack/Widgets/Common/WBP_Chat-MSG.uasset" 37
"../../../../UE5_Projects/Kampus/Content/UI/Chat/BPW_ChatMessage.uasset" 38
"../../../../UE5_Projects/Kampus/Content/UI/MinimalistUIPack/Widgets/Common/WBP_ChatBox.uasset" 39
"../../../Engine/Content/Animation/DefaultAnimCurveCompressionSettings.uasset" 40
"../../../Engine/Content/ArtTools/RenderToTexture/Meshes/S_1_Unit_Plane.uasset" 41
"../../../Engine/Content/EngineMaterials/DefaultMaterial.uasset" 42
"../../../Engine/Content/BasicShapes/Cone.uasset" 43
"../../../Engine/Content/BasicShapes/Sphere.uasset" 44
"../../../Engine/Content/EditorLandscapeResources/DataLayer.uasset" 45
"../../../Engine/Content/EditorMaterials/GizmoMaterial.uasset" 46
"../../../Engine/Content/EditorMaterials/MAT_Groups_Toggle.uasset" 47
"../../../Engine/Content/EditorMaterials/MAT_Groups_Visibility.uasset" 48
"../../../Engine/Content/EditorMaterials/PreviewShadowIndicator.uasset" 49
"../../../Engine/Content/EditorMaterials/PreviewShadowIndicatorMaterial.uasset" 50
"../../../Engine/Content/EditorMaterials/MatineeGroups/MAT_ColorTrack.uasset" 51
"../../../Engine/Content/EditorMaterials/MatineeGroups/MAT_Groups_Anim.uasset" 52
"../../../Engine/Content/EditorMaterials/MatineeGroups/MAT_Groups_AudioMaster.uasset" 53
"../../../Engine/Content/EditorMaterials/MatineeGroups/MAT_Groups_Director.uasset" 54
"../../../Engine/Content/EditorMaterials/MatineeGroups/MAT_Groups_Event.uasset" 55
"../../../Engine/Content/EditorMaterials/MatineeGroups/MAT_Groups_Fade.uasset" 56
"../../../Engine/Content/EditorMaterials/MatineeGroups/MAT_Groups_Float.uasset" 57
"../../../Engine/Content/EditorMaterials/MatineeGroups/MAT_Groups_Move.uasset" 58
"../../../Engine/Content/EditorMaterials/MatineeGroups/MAT_Groups_Slomo.uasset" 59
"../../../Engine/Content/EditorMaterials/MatineeGroups/MAT_Groups_Sound.uasset" 60
"../../../Engine/Content/EditorMaterials/MatineeGroups/MAT_Groups_Vector.uasset" 61
"../../../Engine/Content/EditorMaterials/ParticleSystems/PSysThumbnail_NoImage.uasset" 62
"../../../Engine/Content/EditorMaterials/ParticleSystems/PSysThumbnail_OOD.uasset" 63
"../../../Engine/Content/EditorMaterials/Camera/CineMat.uasset" 64
"../../../Engine/Content/EditorMaterials/Camera/MI_CineMat_Rig.uasset" 65
"../../../Engine/Content/EditorMeshes/Camera/SM_CraneRig_Arm.uasset" 66
"../../../Engine/Content/EditorMeshes/Camera/SM_CraneRig_Base.uasset" 67
"../../../Engine/Content/EditorMeshes/Camera/SM_CraneRig_Body.uasset" 68
"../../../Engine/Content/EditorMeshes/Camera/SM_CraneRig_Mount.uasset" 69
"../../../Engine/Content/EditorMeshes/Camera/SM_RailRig_Mount.uasset" 70
"../../../Engine/Content/EditorMeshes/Camera/SM_RailRig_Track.uasset" 71
"../../../Engine/Content/EditorResources/BSPVertex.uasset" 72
"../../../Engine/Content/EditorResources/EmptyActor.uasset" 73
"../../../Engine/Content/EditorResources/S_Actor.uasset" 74
"../../../Engine/Content/EditorResources/S_Note.uasset" 75
"../../../Engine/Content/EditorResources/S_Solver.uasset" 76
"../../../Engine/Content/EditorResources/S_Trigger.uasset" 77
"../../../Engine/Content/EditorResources/LightIcons/S_LightError.uasset" 78
"../../../Engine/Content/EditorResources/SequenceRecorder/Countdown.uasset" 79
"../../../Engine/Content/EditorResources/SequenceRecorder/RecordingIndicator.uasset" 80
"../../../Engine/Content/EditorSounds/Notifications/CompileFailed.uasset" 81
"../../../Engine/Content/EditorSounds/Notifications/CompileFailed_Cue.uasset" 82
"../../../Engine/Content/EditorSounds/Notifications/CompileSuccess.uasset" 83
"../../../Engine/Content/EditorSounds/Notifications/CompileStart_Cue.uasset" 84
"../../../Engine/Content/EditorSounds/Notifications/CompileSuccess_Cue.uasset" 85
"../../../Engine/Content/EngineDamageTypes/DmgTypeBP_Environmental.uasset" 86
"../../../Engine/Content/EngineDebugMaterials/HeatmapGradient.uasset" 87
"../../../Engine/Content/EngineDebugMaterials/BoneWeightMaterial.uasset" 88
"../../../Engine/Content/EngineDebugMaterials/ClothMaterial.uasset" 89
"../../../Engine/Content/EngineDebugMaterials/ClothMaterial_WF.uasset" 90
"../../../Engine/Content/EngineDebugMaterials/DebugEditorMaterial.uasset" 91
"../../../Engine/Content/EngineDebugMaterials/DebugMeshMaterial.uasset" 92
"../../../Engine/Content/EngineDebugMaterials/GeomMaterial.uasset" 93
"../../../Engine/Content/EngineDebugMaterials/M_SimpleTranslucent.uasset" 94
"../../../Engine/Content/Functions/Engine_MaterialFunctions02/Utility/CameraDirectionVector.uasset" 95
"../../../Engine/Content/EngineDebugMaterials/VolumeToRender.uasset" 96
"../../../Engine/Content/EngineDebugMaterials/M_VolumeRenderSphereTracePP.uasset" 97
"../../../Engine/Content/EngineDebugMaterials/WireframeMaterial.uasset" 98
"../../../Engine/Content/EngineFonts/Faces/RobotoBold.uasset" 99
"../../../Engine/Content/EngineFonts/Faces/RobotoBoldItalic.uasset" 100
"../../../Engine/Content/EngineFonts/Faces/RobotoItalic.uasset" 101
"../../../Engine/Content/EngineFonts/Faces/RobotoLight.uasset" 102
"../../../Engine/Content/EngineFonts/Faces/RobotoRegular.uasset" 103
"../../../Engine/Content/EngineFonts/Roboto.uasset" 104
"../../../Engine/Content/EngineMaterials/BaseFlattenDiffuseMap.uasset" 105
"../../../Engine/Content/EngineMaterials/BaseFlattenEmissiveMap.uasset" 106
"../../../Engine/Content/EngineMaterials/BaseFlattenGrayscaleMap.uasset" 107
"../../../Engine/Content/EngineMaterials/BaseFlattenNormalMap.uasset" 108
"../../../Engine/Content/EngineMaterials/BaseFlattenMaterial.uasset" 109
"../../../Engine/Content/EngineMaterials/BlueNoise.uasset" 110
"../../../Engine/Content/EngineMaterials/DefaultBloomKernel.uasset" 111
"../../../Engine/Content/EngineMaterials/DefaultBokeh.uasset" 112
"../../../Engine/Content/EngineMaterials/DefaultDiffuse.uasset" 113
"../../../Engine/Content/EngineMaterials/DefaultDeferredDecalMaterial.uasset" 114
"../../../Engine/Content/EngineMaterials/DefaultLightFunctionMaterial.uasset" 115
"../../../Engine/Content/EngineMaterials/DefaultPhysicalMaterial.uasset" 116
"../../../Engine/Content/Functions/Engine_MaterialFunctions02/Utility/BreakOutFloat2Components.uasset" 117
"../../../Engine/Content/EngineMaterials/DefaultPostProcessMaterial.uasset" 118
"../../../Engine/Content/EngineFonts/RobotoDistanceField.uasset" 119
"../../../Engine/Content/EngineMaterials/DefaultTextMaterialOpaque.uasset" 120
"../../../Engine/Content/EngineMaterials/DefaultVirtualTextureMaterial.uasset" 121
"../../../Engine/Content/EngineMaterials/DefaultWhiteGrid.uasset" 122
"../../../Engine/Content/EngineMaterials/EditorBrushMaterial.uasset" 123
"../../../Engine/Content/EngineMaterials/DefaultWhiteGrid_Low.uasset" 124
"../../../Engine/Content/EngineMaterials/EmissiveMeshMaterial.uasset" 125
"../../../Engine/Content/EngineMaterials/Good64x64TilingNoiseHighFreq.uasset" 126
"../../../Engine/Content/EngineMaterials/MiniFont.uasset" 127
"../../../Engine/Content/EngineMaterials/InvalidLightmapSettings.uasset" 128
"../../../Engine/Content/EngineMaterials/M_InvalidLightmapSettings.uasset" 129
"../../../Engine/Content/Functions/Engine_MaterialFunctions02/WorldPositionOffset/CameraOffset.uasset" 130
"../../../Engine/Content/EngineMaterials/PhAT_JointLimitMaterial.uasset" 131
"../../../Engine/Content/EngineMaterials/PreintegratedSkinBRDF.uasset" 132
"../../../Engine/Content/EngineMaterials/RemoveSurfaceMaterial.uasset" 133
"../../../Engine/Content/EngineMaterials/WeightMapPlaceholderTexture.uasset" 134
"../../../Engine/Content/EngineResources/WhiteSquareTexture.uasset" 135
"../../../Engine/Content/EngineMaterials/Widget3DPassThrough.uasset" 136
"../../../Engine/Content/EngineMaterials/Widget3DPassThrough_Masked.uasset" 137
"../../../Engine/Content/EngineMaterials/Widget3DPassThrough_Opaque.uasset" 138
"../../../Engine/Content/EngineMaterials/Widget3DPassThrough_Masked_OneSided.uasset" 139
"../../../Engine/Content/EngineMaterials/Widget3DPassThrough_Opaque_OneSided.uasset" 140
"../../../Engine/Content/EngineMaterials/Widget3DPassThrough_Translucent.uasset" 141
"../../../Engine/Content/EngineMaterials/Widget3DPassThrough_Translucent_OneSided.uasset" 142
"../../../Engine/Content/EngineMeshes/Cylinder.uasset" 143
"../../../Engine/Content/EngineMeshes/Sphere.uasset" 144
"../../../Engine/Content/EngineResources/Black.uasset" 145
"../../../Engine/Content/EngineResources/DefaultTexture.uasset" 146
"../../../Engine/Content/EngineResources/DefaultTextureCube.uasset" 147
"../../../Engine/Content/EngineResources/DefaultVolumeTexture2D.uasset" 148
"../../../Engine/Content/EngineResources/DefaultVolumeTexture.uasset" 149
"../../../Engine/Content/EngineResources/GradientTexture0.uasset" 150
"../../../Engine/Content/EngineSounds/Master.uasset" 151
"../../../Engine/Content/Functions/Engine_MaterialFunctions01/Shading/ConvertFromDiffSpec.uasset" 152
"../../../Engine/Content/Functions/Engine_MaterialFunctions01/Shading/PowerToRoughness.uasset" 153
"../../../Engine/Content/Maps/Templates/Thumbnails/Default.uasset" 154
"../../../Engine/Content/Maps/Templates/Thumbnails/VR-Basic.uasset" 155
"../../../Engine/Content/MobileResources/T_MobileControls_texture.uasset" 156
"../../../Engine/Content/MobileResources/T_MobileMenu2.uasset" 157
"../../../Engine/Content/MobileResources/HUD/AnalogHat.uasset" 158
"../../../Engine/Content/MobileResources/HUD/VirtualJoystick_Background.uasset" 159
"../../../Engine/Content/MobileResources/HUD/VirtualJoystick_Thumb.uasset" 160
"../../../Engine/Content/MobileResources/HUD/DefaultVirtualJoysticks.uasset" 161
"../../../Engine/Content/MobileResources/HUD/LeftVirtualJoystickOnly.uasset" 162
"../../../Engine/Content/MobileResources/HUD/MobileHUDButton1_off.uasset" 163
"../../../Engine/Content/MobileResources/HUD/MobileHUDButton1_on.uasset" 164
"../../../Engine/Content/MobileResources/HUD/MobileHUDButton2_off.uasset" 165
"../../../Engine/Content/MobileResources/HUD/MobileHUDButton2_on.uasset" 166
"../../../Engine/Content/MobileResources/HUD/MobileHUDButton3.uasset" 167
"../../../Engine/Content/MobileResources/HUD/MobileHUDButtonFire.uasset" 168
"../../../Engine/Content/MobileResources/HUD/MobileHUDDirectionPad.uasset" 169
"../../../Engine/Content/MobileResources/HUD/MobileHUDDirectionPad2.uasset" 170
"../../../Engine/Content/MobileResources/HUD/MobileHUDDirectionPad3.uasset" 171
"../../../Engine/Content/MobileResources/HUD/MobileHUDDirectionStick.uasset" 172
"../../../Engine/Content/MobileResources/HUD/T_Castle_ThumbstickInner.uasset" 173
"../../../Engine/Content/MobileResources/HUD/T_Castle_ThumbstickOutter.uasset" 174
"../../../Engine/Content/Tutorial/ContentIntroCurve.uasset" 175
"../../../Engine/Content/Tutorial/Basics/LevelEditorAttract.uasset" 176
"../../../Engine/Content/VREditor/LaserPointer/VR_LaserPower_01.uasset" 177
"../../../Engine/Content/VREditor/TransformGizmo/TransformGizmoMaterial.uasset" 178
"../../../Engine/Content/VREditor/TransformGizmo/TranslucentTransformGizmoMaterial.uasset" 179
"../../../Engine/Content/VREditor/TransformGizmo/BoundingBoxCorner.uasset" 180
"../../../Engine/Content/VREditor/TransformGizmo/BoundingBoxEdge.uasset" 181
"../../../Engine/Content/VREditor/TransformGizmo/PlaneTranslationHandle.uasset" 182
"../../../Engine/Content/VREditor/TransformGizmo/Main.uasset" 183
"../../../Engine/Content/VREditor/TransformGizmo/Xray.uasset" 184
"../../../Engine/Content/VREditor/TransformGizmo/SM_Sequencer_Key.uasset" 185
"../../../Engine/Content/VREditor/TransformGizmo/SM_Sequencer_Node.uasset" 186
"../../Plugins/2D/Paper2D/Content/PlaceholderTextures/DummySpriteTexture.uasset" 187
"../../Plugins/2D/Paper2D/Content/DummySprite.uasset" 188
"../../Plugins/2D/Paper2D/Content/DefaultPaperTerrainMaterial.uasset" 189
"../../Plugins/2D/Paper2D/Content/DummySpriteTexture.uasset" 190
"../../Plugins/2D/Paper2D/Content/DefaultSpriteMaterial.uasset" 191
"../../Plugins/2D/Paper2D/Content/MaskedUnlitSpriteMaterial.uasset" 192
"../../Plugins/2D/Paper2D/Content/OpaqueUnlitSpriteMaterial.uasset" 193
"../../Plugins/Runtime/Oculus/OculusVR/Content/OculusMR_RenderTarget.uasset" 194
"../../../Engine/Content/Functions/Engine_MaterialFunctions02/Utility/BreakOutFloat4Components.uasset" 195
"../../../Engine/Content/Functions/Engine_MaterialFunctions02/Utility/MakeFloat2.uasset" 196
"../../../Engine/Content/Functions/Engine_MaterialFunctions02/Utility/MakeFloat3.uasset" 197
"../../Plugins/Runtime/Oculus/OculusVR/Content/Materials/OculusMR_ChromaKey.uasset" 198
"../../Plugins/Runtime/Oculus/OculusVR/Content/Materials/OculusMR_ChromaKey_Lit.uasset" 199
"../../Plugins/Runtime/Oculus/OculusVR/Content/Materials/OculusMR_OpaqueColoredMaterial.uasset" 200
"../../Plugins/Runtime/Oculus/OculusVR/Content/Materials/OculusMR_WhiteMaterial.uasset" 201
"../../../../UE5_Projects/Kampus/Content/Blueprints/Drone/BP_DroneGuide.uasset" 202
"../../../Engine/Content/EditorBlueprintResources/StandardMacros.uasset" 203
"../../../Engine/Content/EngineSky/C_Sky_Cloud_Color.uasset" 204
"../../../Engine/Content/EngineSky/C_Sky_Horizon_Color.uasset" 205
"../../../Engine/Content/EngineSky/C_Sky_Zenith_Color.uasset" 206
"../../../Engine/Content/EngineSky/T_Sky_Blue.uasset" 207
"../../../Engine/Content/EngineSky/T_Sky_Clouds_M.uasset" 208
"../../../Engine/Content/EngineSky/T_Sky_Stars.uasset" 209
"../../../Engine/Content/EngineSky/M_Sky_Panning_Clouds2.uasset" 210
"../../../Engine/Content/EngineSky/SM_SkySphere.uasset" 211
"../../../Engine/Content/EngineSky/BP_Sky_Sphere.uasset" 212
"../../../Engine/Content/BasicShapes/Plane.uasset" 213
"../../../../UE5_Projects/Kampus/Content/Blueprints/Drone/BP_TeleportationPlane.uasset" 214
"../../../../UE5_Projects/Kampus/Content/Levels/L_DroneTest_BuiltData.uasset" 215
"../../../Engine/Content/MapTemplates/SM_Template_Map_Floor.uasset" 216
"../../../../UE5_Projects/Kampus/Content/UI/Chat/BPW_Chat.uasset" 217
"../../../../UE5_Projects/Kampus/Content/UI/DarkeningScreen/BP_DarkeningScreen.uasset" 218
"../../../../UE5_Projects/Kampus/Content/Levels/L_DroneTest.umap" 219
"../../../Engine/Content/BasicShapes/Cylinder.uasset" 220
"../../../../UE5_Projects/Kampus/Content/Blueprints/BP_BaseFirstPersonCharacter.uasset" 221
"../../../../UE5_Projects/Kampus/Content/Blueprints/BP_SinglePlayerGameMode.uasset" 222
"../../../../UE5_Projects/Kampus/Content/Levels/L_Startup_BuiltData.uasset" 223
"../../../../UE5_Projects/Kampus/Content/Levels/L_Startup.umap" 224
"../../../Engine/Content/Maps/Entry_BuiltData.uasset" 225
"../../../Engine/Content/Maps/Entry.umap" 226
